<?xml version="1.0" encoding="UTF-8"?>
<!-- Generated by org.testng.reporters.JUnitXMLReporter -->
<testsuite ignored="0" hostname="Anu_Computer" failures="0" tests="4" name="AndroidDeviceTest2" time="139.868" errors="0" timestamp="2026-02-05T14:31:50 PST">
  <testcase classname="testCases.LaunchApp" name="launchAppTest" time="3.919"/>
  <testcase classname="testCases.LetsShop" name="letsShopTest" time="7.768"/>
  <testcase classname="testCases.CompletePurchase" name="completePurchaseTest" time="59.305">
    <skipped/>
  </testcase> <!-- completePurchaseTest -->
  <testcase classname="testCases.CompletePurchase" name="completePurchaseTest" time="10.223">
    <skipped/>
  </testcase> <!-- completePurchaseTest -->
</testsuite> <!-- AndroidDeviceTest2 -->
