<?xml version="1.0" encoding="UTF-8"?>
<!-- Generated by org.testng.reporters.JUnitXMLReporter -->
<testsuite ignored="0" hostname="Anu_Computer" failures="0" tests="7" name="AndroidDevice2Test" time="7.39" errors="0" timestamp="2026-02-04T17:44:00 PST">
  <testcase classname="testCases.LaunchApp" name="LaunchAppTest" time="0.0">
    <skipped/>
  </testcase> <!-- LaunchAppTest -->
  <testcase classname="testCases.LetsShop" name="LetsShopTest" time="0.0">
    <skipped/>
  </testcase> <!-- LetsShopTest -->
  <testcase classname="testCases.CompletePurchase" name="CompletePurchaseTest" time="0.0">
    <skipped/>
  </testcase> <!-- CompletePurchaseTest -->
  <testcase classname="testCases.AddToCart" name="AddToCartTest" time="0.0">
    <skipped/>
  </testcase> <!-- AddToCartTest -->
  <testcase classname="testCases.TermsAndConditions" name="TermsAndConditionsTest" time="0.0">
    <skipped/>
  </testcase> <!-- TermsAndConditionsTest -->
  <testcase classname="testCases.ShopSelectingUnitedStates" name="ShopSelectingUnitedStatesTest" time="0.0">
    <skipped/>
  </testcase> <!-- ShopSelectingUnitedStatesTest -->
  <testcase classname="testCases.ValidateToastMessage" name="ValidateToastMessageTest" time="0.0">
    <skipped/>
  </testcase> <!-- ValidateToastMessageTest -->
</testsuite> <!-- AndroidDevice2Test -->
